Run npx electron-builder --win --x64 --publish never
  
  • electron-builder  version=26.4.0 os=10.0.26100
  • loaded configuration  file=D:\a\danse\danse\electron-builder.yml
  • executing @electron/rebuild  electronVersion=40.0.0 arch=x64 buildFromSource=false workspaceRoot=D:\a\danse\danse projectDir=./ appDir=./
  • installing native dependencies  arch=x64
  • preparing       moduleName=bufferutil arch=x64
  • finished        moduleName=bufferutil arch=x64
  • preparing       moduleName=extract-file-icon arch=x64
  • finished        moduleName=extract-file-icon arch=x64
  • preparing       moduleName=node-window-manager arch=x64
  • finished        moduleName=node-window-manager arch=x64
  • preparing       moduleName=robotjs arch=x64
  ⨯ 
  robotjs.cc
C:\Users\runneradmin\.electron-gyp\40.0.0\include\node\v8-object.h(564,45): warning C4996: 'v8::Object::GetAlignedPointerFromInternalField': Use GetAlignedPointerFromInternalField with EmbedderDataTypeTag parameter instead. [D:\a\danse\danse\node_modules\robotjs\build\robotjs.vcxproj]
  (compiling source file '../src/robotjs.cc')
  
C:\Users\runneradmin\.electron-gyp\40.0.0\include\node\v8-object.h(581,45): warning C4996: 'v8::Object::GetAlignedPointerFromInternalField': Use GetAlignedPointerFromInternalField with EmbedderDataTypeTag parameter instead. [D:\a\danse\danse\node_modules\robotjs\build\robotjs.vcxproj]
  (compiling source file '../src/robotjs.cc')
  
D:\a\danse\danse\node_modules\nan\nan.h(822,20): warning C4996: 'v8::Object::GetAlignedPointerFromInternalField': Use GetAlignedPointerFromInternalField with EmbedderDataTypeTag parameter instead. [D:\a\danse\danse\node_modules\robotjs\build\robotjs.vcxproj]
  (compiling source file '../src/robotjs.cc')
  
D:\a\danse\danse\node_modules\nan\nan.h(829,13): warning C4996: 'v8::Object::SetAlignedPointerInInternalField': Use SetAlignedPointerInInternalField with EmbedderDataTypeTag parameter instead. [D:\a\danse\danse\node_modules\robotjs\build\robotjs.vcxproj]
  (compiling source file '../src/robotjs.cc')
  
D:\a\danse\danse\node_modules\nan\nan.h(2624,9): error C2039: 'AccessControl': is not a member of 'v8' [D:\a\danse\danse\node_modules\robotjs\build\robotjs.vcxproj]
  (compiling source file '../src/robotjs.cc')
      C:\Users\runneradmin\.electron-gyp\40.0.0\include\node\v8.h(71,11):
      see declaration of 'v8'
  
D:\a\danse\danse\node_modules\nan\nan.h(2624,9): error C2061: syntax error: identifier 'AccessControl' [D:\a\danse\danse\node_modules\robotjs\build\robotjs.vcxproj]
  (compiling source file '../src/robotjs.cc')
  
D:\a\danse\danse\node_modules\nan\nan.h(2673,7): error C2065: 'attribute': undeclared identifier [D:\a\danse\danse\node_modules\robotjs\build\robotjs.vcxproj]
  (compiling source file '../src/robotjs.cc')
  
D:\a\danse\danse\node_modules\nan\nan.h(2686,9): error C2039: 'AccessControl': is not a member of 'v8' [D:\a\danse\danse\node_modules\robotjs\build\robotjs.vcxproj]
  (compiling source file '../src/robotjs.cc')
      C:\Users\runneradmin\.electron-gyp\40.0.0\include\node\v8.h(71,11):
      see declaration of 'v8'
  
D:\a\danse\danse\node_modules\nan\nan.h(2686,9): error C2061: syntax error: identifier 'AccessControl' [D:\a\danse\danse\node_modules\robotjs\build\robotjs.vcxproj]
  (compiling source file '../src/robotjs.cc')
  
D:\a\danse\danse\node_modules\nan\nan.h(2680,13): error C2084: function 'void Nan::SetAccessor(v8::Local<v8::ObjectTemplate>,v8::Local<v8::String>,Nan::GetterCallback,Nan::SetterCallback,v8::Local<v8::Value>)' already has a body [D:\a\danse\danse\node_modules\robotjs\build\robotjs.vcxproj]
  (compiling source file '../src/robotjs.cc')
      D:\a\danse\danse\node_modules\nan\nan.h(2623,28):
      see previous definition of 'Nan::SetAccessor'
  
D:\a\danse\danse\node_modules\nan\nan.h(2729,7): error C2065: 'attribute': undeclared identifier [D:\a\danse\danse\node_modules\robotjs\build\robotjs.vcxproj]
  (compiling source file '../src/robotjs.cc')
  
D:\a\danse\danse\node_modules\nan\nan.h(2739,9): error C2039: 'AccessControl': is not a member of 'v8' [D:\a\danse\danse\node_modules\robotjs\build\robotjs.vcxproj]
  (compiling source file '../src/robotjs.cc')
      C:\Users\runneradmin\.electron-gyp\40.0.0\include\node\v8.h(71,11):
      see declaration of 'v8'
  
D:\a\danse\danse\node_modules\nan\nan.h(2739,9): error C2061: syntax error: identifier 'AccessControl' [D:\a\danse\danse\node_modules\robotjs\build\robotjs.vcxproj]
  (compiling source file '../src/robotjs.cc')
  
D:\a\danse\danse\node_modules\nan\nan.h(2777,7): error C2065: 'attribute': undeclared identifier [D:\a\danse\danse\node_modules\robotjs\build\robotjs.vcxproj]
  (compiling source file '../src/robotjs.cc')
  
D:\a\danse\danse\node_modules\robotjs\src\os.h(26,10): warning C4005: 'STRICT': macro redefinition [D:\a\danse\danse\node_modules\robotjs\build\robotjs.vcxproj]
  (compiling source file '../src/robotjs.cc')
      C:\Program Files (x86)\Windows Kits\10\Include\10.0.26100.0\shared\minwindef.h(23,9):
      see previous definition of 'STRICT'
  
Error: `C:\Program Files\Microsoft Visual Studio\2022\Enterprise\MSBuild\Current\Bin\MSBuild.exe` failed with exit code: 1
    at ChildProcess.<anonymous> (D:\a\danse\danse\node_modules\node-gyp\lib\build.js:219:23)
    at ChildProcess.emit (node:events:524:28)
    at ChildProcess._handle.onexit (node:internal/child_process:293:12)
  ⨯ node-gyp failed to rebuild 'D:\a\danse\danse\node_modules\robotjs'  failedTask=build stackTrace=Error: node-gyp failed to rebuild 'D:\a\danse\danse\node_modules\robotjs'
    at ChildProcess.<anonymous> (file:///D:/a/danse/danse/node_modules/@electron/rebuild/lib/module-type/node-gyp/node-gyp.js:114:24)
    at ChildProcess.emit (node:events:524:28)
    at ChildProcess._handle.onexit (node:internal/child_process:293:12)
Error: Process completed with exit code 1.